2025-05-15 15:35:15,342 - INFO - Creating necessary directories...
2025-05-15 15:35:15,374 - INFO - Loading data from C:\projects_ml\Radi_Assist\data\raw\archive\Data_Entry_2017.csv...
2025-05-15 15:35:15,802 - INFO - CSV loaded with 112120 records and columns: ['Image Index', 'Finding Labels', 'Follow-up #', 'Patient ID', 'Patient Age', 'Patient Gender', 'View Position', 'OriginalImage[Width', 'Height]', 'OriginalImagePixelSpacing[x', 'y]', 'Unnamed: 11']
2025-05-15 15:35:16,206 - INFO - Found image folder images_001 with 4999 images
2025-05-15 15:35:16,989 - INFO - Found image folder images_002 with 10000 images
2025-05-15 15:35:17,034 - INFO - Found image folder images_003 with 10000 images
2025-05-15 15:35:17,758 - INFO - Found image folder images_004 with 10000 images
2025-05-15 15:35:18,508 - INFO - Found image folder images_005 with 10000 images
2025-05-15 15:35:18,791 - INFO - Found image folder images_006 with 10000 images
2025-05-15 15:35:19,137 - INFO - Found image folder images_007 with 10000 images
2025-05-15 15:35:19,364 - INFO - Found image folder images_008 with 10000 images
2025-05-15 15:35:19,502 - INFO - Found image folder images_009 with 10000 images
2025-05-15 15:35:19,594 - INFO - Found image folder images_010 with 10000 images
2025-05-15 15:35:19,673 - INFO - Found image folder images_011 with 10000 images
2025-05-15 15:35:19,733 - INFO - Found image folder images_012 with 7121 images
2025-05-15 15:35:20,020 - INFO - Current images per class:
2025-05-15 15:35:20,022 - INFO - - Atelectasis: 11545
2025-05-15 15:35:20,025 - INFO - - Cardiomegaly: 2404
2025-05-15 15:35:20,026 - INFO - - Effusion: 8040
2025-05-15 15:35:20,027 - INFO - - Infiltration: 11795
2025-05-15 15:35:20,028 - INFO - - Mass: 2926
2025-05-15 15:35:20,028 - INFO - - Nodule: 3009
2025-05-15 15:35:20,029 - INFO - - Pneumonia: 325
2025-05-15 15:35:20,030 - INFO - - Pneumothorax: 2200
2025-05-15 15:35:20,030 - INFO - - Consolidation: 3331
2025-05-15 15:35:20,031 - INFO - - Edema: 1862
2025-05-15 15:35:20,031 - INFO - - Emphysema: 1734
2025-05-15 15:35:20,032 - INFO - - Fibrosis: 1215
2025-05-15 15:35:20,033 - INFO - - Pleural_Thickening: 1217
2025-05-15 15:35:20,034 - INFO - - Hernia: 156
2025-05-15 15:35:20,035 - INFO - Starting image augmentation...
2025-05-15 15:35:20,115 - INFO - Augmenting 11545 images for Atelectasis (x2)
2025-05-15 15:50:40,911 - INFO - Created 23090 augmented images for Atelectasis
2025-05-15 15:50:40,925 - INFO - Augmenting 2404 images for Cardiomegaly (x2)
2025-05-15 15:53:59,308 - INFO - Created 4808 augmented images for Cardiomegaly
2025-05-15 15:53:59,354 - INFO - Augmenting 8040 images for Effusion (x2)
2025-05-15 16:04:43,717 - INFO - Created 16080 augmented images for Effusion
2025-05-15 16:04:43,785 - INFO - Augmenting 11795 images for Infiltration (x2)
2025-05-15 16:19:57,038 - INFO - Created 23590 augmented images for Infiltration
2025-05-15 16:19:57,101 - INFO - Augmenting 2926 images for Mass (x2)
2025-05-15 16:22:36,379 - INFO - Created 5852 augmented images for Mass
2025-05-15 16:22:36,461 - INFO - Augmenting 3009 images for Nodule (x2)
2025-05-15 16:35:41,765 - INFO - Creating necessary directories...
2025-05-15 16:35:41,793 - INFO - Loading data from C:\projects_ml\Radi_Assist\data\raw\archive\Data_Entry_2017.csv...
2025-05-15 16:35:42,226 - INFO - CSV loaded with 112120 records and columns: ['Image Index', 'Finding Labels', 'Follow-up #', 'Patient ID', 'Patient Age', 'Patient Gender', 'View Position', 'OriginalImage[Width', 'Height]', 'OriginalImagePixelSpacing[x', 'y]', 'Unnamed: 11']
2025-05-15 16:35:42,754 - INFO - Found image folder images_001 with 4999 images
2025-05-15 16:35:44,100 - INFO - Found image folder images_002 with 10000 images
2025-05-15 16:35:44,881 - INFO - Found image folder images_003 with 10000 images
2025-05-15 16:35:45,937 - INFO - Found image folder images_004 with 10000 images
2025-05-15 16:35:46,739 - INFO - Found image folder images_005 with 10000 images
2025-05-15 16:35:47,752 - INFO - Found image folder images_006 with 10000 images
2025-05-15 16:35:48,714 - INFO - Found image folder images_007 with 10000 images
2025-05-15 16:35:49,294 - INFO - Found image folder images_008 with 10000 images
2025-05-15 16:35:49,830 - INFO - Found image folder images_009 with 10000 images
2025-05-15 16:35:50,262 - INFO - Found image folder images_010 with 10000 images
2025-05-15 16:35:50,494 - INFO - Found image folder images_011 with 10000 images
2025-05-15 16:35:50,602 - INFO - Found image folder images_012 with 7121 images
2025-05-15 16:35:50,606 - INFO - Current images per class:
2025-05-15 16:35:50,607 - INFO - - Atelectasis: 0
2025-05-15 16:35:50,608 - INFO - - Cardiomegaly: 0
2025-05-15 16:35:50,610 - INFO - - Effusion: 0
2025-05-15 16:35:50,611 - INFO - - Infiltration: 0
2025-05-15 16:35:50,611 - INFO - - Mass: 0
2025-05-15 16:35:50,612 - INFO - - Nodule: 0
2025-05-15 16:35:50,613 - INFO - - Pneumonia: 0
2025-05-15 16:35:50,614 - INFO - - Pneumothorax: 0
2025-05-15 16:35:50,615 - INFO - - Consolidation: 0
2025-05-15 16:35:50,616 - INFO - - Edema: 0
2025-05-15 16:35:50,617 - INFO - - Emphysema: 0
2025-05-15 16:35:50,618 - INFO - - Fibrosis: 0
2025-05-15 16:35:50,619 - INFO - - Pleural_Thickening: 0
2025-05-15 16:35:50,620 - INFO - - Hernia: 0
2025-05-15 16:35:50,621 - WARNING - No images found in augmented folders. Check if images were copied correctly.
2025-05-15 16:35:50,622 - INFO - Attempting to copy original images to augmented folders...
2025-05-15 16:35:53,007 - INFO - Copied 500 images so far...
2025-05-15 16:35:55,203 - INFO - Copied 1000 images so far...
2025-05-15 16:35:57,129 - INFO - Copied 1500 images so far...
2025-05-15 16:35:59,629 - INFO - Copied 2000 images so far...
2025-05-15 16:36:01,614 - INFO - Copied 2500 images so far...
2025-05-15 16:36:04,365 - INFO - Copied 3000 images so far...
2025-05-15 16:36:06,577 - INFO - Copied 3500 images so far...
2025-05-15 16:36:08,879 - INFO - Copied 4000 images so far...
2025-05-15 16:36:12,793 - INFO - Copied 4500 images so far...
2025-05-15 16:36:15,298 - INFO - Copied 5000 images so far...
2025-05-15 16:36:17,923 - INFO - Copied 5500 images so far...
2025-05-15 16:36:20,496 - INFO - Copied 6000 images so far...
2025-05-15 16:36:23,063 - INFO - Copied 6500 images so far...
2025-05-15 16:36:25,646 - INFO - Copied 7000 images so far...
2025-05-15 16:36:28,849 - INFO - Copied 7500 images so far...
2025-05-15 16:36:31,489 - INFO - Copied 8000 images so far...
2025-05-15 16:36:33,926 - INFO - Copied 8500 images so far...
2025-05-15 16:36:36,299 - INFO - Copied 9000 images so far...
2025-05-15 16:36:38,827 - INFO - Copied 9500 images so far...
2025-05-15 16:36:41,446 - INFO - Copied 10000 images so far...
2025-05-15 16:36:43,960 - INFO - Copied 10500 images so far...
2025-05-15 16:36:46,479 - INFO - Copied 11000 images so far...
2025-05-15 16:36:49,256 - INFO - Copied 11500 images so far...
2025-05-15 16:36:51,954 - INFO - Copied 12000 images so far...
2025-05-15 16:36:54,562 - INFO - Copied 12500 images so far...
2025-05-15 16:36:56,898 - INFO - Copied 13000 images so far...
2025-05-15 16:36:59,448 - INFO - Copied 13500 images so far...
2025-05-15 16:37:01,919 - INFO - Copied 14000 images so far...
2025-05-15 16:37:04,044 - INFO - Copied 14500 images so far...
2025-05-15 16:37:06,620 - INFO - Copied 15000 images so far...
2025-05-15 16:37:08,875 - INFO - Copied 15500 images so far...
2025-05-15 16:37:11,144 - INFO - Copied 16000 images so far...
2025-05-15 16:37:13,307 - INFO - Copied 16500 images so far...
2025-05-15 16:37:16,231 - INFO - Copied 17000 images so far...
2025-05-15 16:37:18,722 - INFO - Copied 17500 images so far...
2025-05-15 16:37:21,145 - INFO - Copied 18000 images so far...
2025-05-15 16:37:23,365 - INFO - Copied 18500 images so far...
2025-05-15 16:37:25,469 - INFO - Copied 19000 images so far...
2025-05-15 16:37:28,049 - INFO - Copied 19500 images so far...
2025-05-15 16:37:30,404 - INFO - Copied 20000 images so far...
2025-05-15 16:37:32,728 - INFO - Copied 20500 images so far...
2025-05-15 16:37:35,070 - INFO - Copied 21000 images so far...
2025-05-15 16:37:36,905 - INFO - Copied 21500 images so far...
2025-05-15 16:37:38,810 - INFO - Copied 22000 images so far...
2025-05-15 16:37:40,795 - INFO - Copied 22500 images so far...
2025-05-15 16:37:43,444 - INFO - Copied 23000 images so far...
2025-05-15 16:37:46,422 - INFO - Copied 23500 images so far...
2025-05-15 16:37:49,219 - INFO - Copied 24000 images so far...
2025-05-15 16:37:52,202 - INFO - Copied 24500 images so far...
2025-05-15 16:37:54,865 - INFO - Copied 25000 images so far...
2025-05-15 16:37:57,696 - INFO - Copied 25500 images so far...
2025-05-15 16:38:00,303 - INFO - Copied 26000 images so far...
2025-05-15 16:38:03,254 - INFO - Copied 26500 images so far...
2025-05-15 16:38:06,000 - INFO - Copied 27000 images so far...
2025-05-15 16:38:08,901 - INFO - Copied 27500 images so far...
2025-05-15 16:38:11,912 - INFO - Copied 28000 images so far...
2025-05-15 16:38:14,817 - INFO - Copied 28500 images so far...
2025-05-15 16:38:17,638 - INFO - Copied 29000 images so far...
2025-05-15 16:38:20,587 - INFO - Copied 29500 images so far...
2025-05-15 16:38:23,283 - INFO - Copied 30000 images so far...
2025-05-15 16:38:25,821 - INFO - Copied 30500 images so far...
2025-05-15 16:38:28,432 - INFO - Copied 31000 images so far...
2025-05-15 16:38:30,986 - INFO - Copied 31500 images so far...
2025-05-15 16:38:33,515 - INFO - Copied 32000 images so far...
2025-05-15 16:38:36,218 - INFO - Copied 32500 images so far...
2025-05-15 16:38:39,065 - INFO - Copied 33000 images so far...
2025-05-15 16:38:41,733 - INFO - Copied 33500 images so far...
2025-05-15 16:38:44,531 - INFO - Copied 34000 images so far...
2025-05-15 16:38:47,487 - INFO - Copied 34500 images so far...
2025-05-15 16:38:50,307 - INFO - Copied 35000 images so far...
2025-05-15 16:38:53,022 - INFO - Copied 35500 images so far...
2025-05-15 16:38:55,449 - INFO - Copied 36000 images so far...
2025-05-15 16:38:58,236 - INFO - Copied 36500 images so far...
2025-05-15 16:39:01,109 - INFO - Copied 37000 images so far...
2025-05-15 16:39:03,513 - INFO - Copied 37500 images so far...
2025-05-15 16:39:05,943 - INFO - Copied 38000 images so far...
2025-05-15 16:39:09,178 - INFO - Copied 38500 images so far...
2025-05-15 16:39:12,266 - INFO - Copied 39000 images so far...
2025-05-15 16:39:15,425 - INFO - Copied 39500 images so far...
2025-05-15 16:39:18,195 - INFO - Copied 40000 images so far...
2025-05-15 16:39:21,311 - INFO - Copied 40500 images so far...
2025-05-15 16:39:24,479 - INFO - Copied 41000 images so far...
2025-05-15 16:39:27,301 - INFO - Copied 41500 images so far...
2025-05-15 16:39:30,160 - INFO - Copied 42000 images so far...
2025-05-15 16:39:33,100 - INFO - Copied 42500 images so far...
2025-05-15 16:39:35,827 - INFO - Copied 43000 images so far...
2025-05-15 16:39:39,136 - INFO - Copied 43500 images so far...
2025-05-15 16:39:42,077 - INFO - Copied 44000 images so far...
2025-05-15 16:39:44,891 - INFO - Copied 44500 images so far...
2025-05-15 16:39:47,768 - INFO - Copied 45000 images so far...
2025-05-15 16:39:50,542 - INFO - Copied 45500 images so far...
2025-05-15 16:39:53,497 - INFO - Copied 46000 images so far...
2025-05-15 16:39:55,998 - INFO - Copied 46500 images so far...
2025-05-15 16:39:58,660 - INFO - Copied 47000 images so far...
2025-05-15 16:40:01,303 - INFO - Copied 47500 images so far...
2025-05-15 16:40:04,139 - INFO - Copied 48000 images so far...
2025-05-15 16:40:07,258 - INFO - Copied 48500 images so far...
2025-05-15 16:40:10,281 - INFO - Copied 49000 images so far...
2025-05-15 16:40:13,608 - INFO - Copied 49500 images so far...
2025-05-15 16:40:17,036 - INFO - Copied 50000 images so far...
2025-05-15 16:40:20,351 - INFO - Copied 50500 images so far...
2025-05-15 16:40:23,660 - INFO - Copied 51000 images so far...
2025-05-15 16:40:26,967 - INFO - Copied 51500 images so far...
2025-05-15 16:40:28,689 - INFO - Copied 51759 original images to augmented folders
2025-05-15 16:40:28,690 - INFO - - Atelectasis: 11545
2025-05-15 16:40:28,691 - INFO - - Cardiomegaly: 2404
2025-05-15 16:40:28,692 - INFO - - Effusion: 8040
2025-05-15 16:40:28,694 - INFO - - Infiltration: 11795
2025-05-15 16:40:28,696 - INFO - - Mass: 2926
2025-05-15 16:40:28,697 - INFO - - Nodule: 3009
2025-05-15 16:40:28,699 - INFO - - Pneumonia: 325
2025-05-15 16:40:28,701 - INFO - - Pneumothorax: 2200
2025-05-15 16:40:28,702 - INFO - - Consolidation: 3331
2025-05-15 16:40:28,703 - INFO - - Edema: 1862
2025-05-15 16:40:28,704 - INFO - - Emphysema: 1734
2025-05-15 16:40:28,706 - INFO - - Fibrosis: 1215
2025-05-15 16:40:28,707 - INFO - - Pleural_Thickening: 1217
2025-05-15 16:40:28,708 - INFO - - Hernia: 156
2025-05-15 16:40:28,710 - INFO - Starting image augmentation with target of 24000 images per class...
2025-05-15 16:40:29,371 - INFO - Found 11545 original images for Atelectasis
2025-05-15 16:40:29,373 - INFO - Need to create 12455 more images for Atelectasis
2025-05-15 16:40:29,375 - INFO - Will create 2 augmentations per original image
2025-05-15 16:51:42,294 - INFO - Created 12455 augmented images for Atelectasis. Total count: 24000/24000
2025-05-15 16:51:42,298 - INFO - Final count for Atelectasis: 24000/24000
2025-05-15 16:51:42,476 - INFO - Found 2404 original images for Cardiomegaly
2025-05-15 16:51:42,480 - INFO - Need to create 21596 more images for Cardiomegaly
2025-05-15 16:51:42,484 - INFO - Will create 9 augmentations per original image
2025-05-15 17:03:55,273 - INFO - Created 21596 augmented images for Cardiomegaly. Total count: 24000/24000
2025-05-15 17:03:55,280 - INFO - Final count for Cardiomegaly: 24000/24000
2025-05-15 17:03:55,888 - INFO - Found 8040 original images for Effusion
2025-05-15 17:03:55,893 - INFO - Need to create 15960 more images for Effusion
2025-05-15 17:03:55,898 - INFO - Will create 2 augmentations per original image
2025-05-15 17:17:46,344 - INFO - Created 15960 augmented images for Effusion. Total count: 24000/24000
2025-05-15 17:17:46,350 - INFO - Final count for Effusion: 24000/24000
2025-05-15 17:17:47,189 - INFO - Found 11795 original images for Infiltration
2025-05-15 17:17:47,194 - INFO - Need to create 12205 more images for Infiltration
2025-05-15 17:17:47,200 - INFO - Will create 2 augmentations per original image
2025-05-15 17:28:11,210 - INFO - Created 12205 augmented images for Infiltration. Total count: 24000/24000
2025-05-15 17:28:11,217 - INFO - Final count for Infiltration: 24000/24000
2025-05-15 17:28:11,369 - INFO - Found 2926 original images for Mass
2025-05-15 17:28:11,377 - INFO - Need to create 21074 more images for Mass
2025-05-15 17:28:11,384 - INFO - Will create 8 augmentations per original image
2025-05-15 17:40:16,770 - INFO - Created 21074 augmented images for Mass. Total count: 24000/24000
2025-05-15 17:40:16,779 - INFO - Final count for Mass: 24000/24000
2025-05-15 17:40:16,903 - INFO - Found 3009 original images for Nodule
2025-05-15 17:40:16,914 - INFO - Need to create 20991 more images for Nodule
2025-05-15 17:40:16,923 - INFO - Will create 7 augmentations per original image
2025-05-15 17:52:37,373 - INFO - Created 20991 augmented images for Nodule. Total count: 24000/24000
2025-05-15 17:52:37,381 - INFO - Final count for Nodule: 24000/24000
2025-05-15 17:52:37,396 - INFO - Found 325 original images for Pneumonia
2025-05-15 17:52:37,403 - INFO - Need to create 23675 more images for Pneumonia
2025-05-15 17:52:37,411 - INFO - Will create 73 augmentations per original image
2025-05-15 18:03:57,221 - INFO - Created 23675 augmented images for Pneumonia. Total count: 24000/24000
2025-05-15 18:03:57,231 - INFO - Final count for Pneumonia: 24000/24000
2025-05-15 18:03:57,330 - INFO - Found 2200 original images for Pneumothorax
2025-05-15 18:03:57,337 - INFO - Need to create 21800 more images for Pneumothorax
2025-05-15 18:03:57,342 - INFO - Will create 10 augmentations per original image
2025-05-15 18:15:47,541 - INFO - Created 21800 augmented images for Pneumothorax. Total count: 24000/24000
2025-05-15 18:15:47,552 - INFO - Final count for Pneumothorax: 24000/24000
2025-05-15 18:15:47,765 - INFO - Found 3331 original images for Consolidation
2025-05-15 18:15:47,773 - INFO - Need to create 20669 more images for Consolidation
2025-05-15 18:15:47,782 - INFO - Will create 7 augmentations per original image
2025-05-15 18:28:05,577 - INFO - Created 20669 augmented images for Consolidation. Total count: 24000/24000
2025-05-15 18:28:05,586 - INFO - Final count for Consolidation: 24000/24000
2025-05-15 18:28:05,694 - INFO - Found 1862 original images for Edema
2025-05-15 18:28:05,708 - INFO - Need to create 22138 more images for Edema
2025-05-15 18:28:05,720 - INFO - Will create 12 augmentations per original image
2025-05-15 18:39:53,461 - INFO - Created 22138 augmented images for Edema. Total count: 24000/24000
2025-05-15 18:39:53,470 - INFO - Final count for Edema: 24000/24000
2025-05-15 18:39:53,583 - INFO - Found 1734 original images for Emphysema
2025-05-15 18:39:53,594 - INFO - Need to create 22266 more images for Emphysema
2025-05-15 18:39:53,604 - INFO - Will create 13 augmentations per original image
2025-05-15 18:52:07,019 - INFO - Created 22266 augmented images for Emphysema. Total count: 24000/24000
2025-05-15 18:52:07,032 - INFO - Final count for Emphysema: 24000/24000
2025-05-15 18:52:07,126 - INFO - Found 1215 original images for Fibrosis
2025-05-15 18:52:07,141 - INFO - Need to create 22785 more images for Fibrosis
2025-05-15 18:52:07,155 - INFO - Will create 19 augmentations per original image
2025-05-15 19:03:06,692 - INFO - Created 22785 augmented images for Fibrosis. Total count: 24000/24000
2025-05-15 19:03:06,705 - INFO - Final count for Fibrosis: 24000/24000
2025-05-15 19:03:06,796 - INFO - Found 1217 original images for Pleural_Thickening
2025-05-15 19:03:06,810 - INFO - Need to create 22783 more images for Pleural_Thickening
2025-05-15 19:03:06,824 - INFO - Will create 19 augmentations per original image
2025-05-15 19:13:48,000 - INFO - Created 22783 augmented images for Pleural_Thickening. Total count: 24000/24000
2025-05-15 19:13:48,008 - INFO - Final count for Pleural_Thickening: 24000/24000
2025-05-15 19:13:48,037 - INFO - Found 156 original images for Hernia
2025-05-15 19:13:48,045 - INFO - Need to create 23844 more images for Hernia
2025-05-15 19:13:48,051 - INFO - Will create 153 augmentations per original image
2025-05-15 19:24:15,599 - INFO - Created 23844 augmented images for Hernia. Total count: 24000/24000
2025-05-15 19:24:15,609 - INFO - Final count for Hernia: 24000/24000
2025-05-15 19:24:15,619 - INFO - Augmentation complete. Created 284241 augmented images across all classes.
2025-05-15 19:24:15,630 - INFO - Creating train/val/test splits...
2025-05-15 19:24:30,720 - INFO - Using provided split files:
- C:\projects_ml\Radi_Assist\data\raw\archive\train_val_list.txt
- C:\projects_ml\Radi_Assist\data\raw\archive\test_list.txt
2025-05-15 19:58:46,456 - INFO - Creating necessary directories...
2025-05-15 19:58:46,492 - INFO - Starting image augmentation with target of 12000 images per class...
2025-05-15 19:58:46,514 - WARNING - No images found for Atelectasis
2025-05-15 19:58:46,516 - WARNING - No images found for Cardiomegaly
2025-05-15 19:58:46,518 - WARNING - No images found for Effusion
2025-05-15 19:58:46,519 - WARNING - No images found for Infiltration
2025-05-15 19:58:46,520 - WARNING - No images found for Mass
2025-05-15 19:58:46,523 - WARNING - No images found for Nodule
2025-05-15 19:58:46,525 - WARNING - No images found for Pneumonia
2025-05-15 19:58:46,528 - WARNING - No images found for Pneumothorax
2025-05-15 19:58:46,530 - WARNING - No images found for Consolidation
2025-05-15 19:58:46,532 - WARNING - No images found for Edema
2025-05-15 19:58:46,535 - WARNING - No images found for Emphysema
2025-05-15 19:58:46,538 - WARNING - No images found for Fibrosis
2025-05-15 19:58:46,540 - WARNING - No images found for Pleural_Thickening
2025-05-15 19:58:46,542 - WARNING - No images found for Hernia
2025-05-15 19:58:46,543 - INFO - Augmentation complete. Created 0 augmented images across all classes.
2025-05-15 19:58:46,545 - INFO - Creating train/val/test splits with ratio 0.7/0.1/0.2...
2025-05-15 19:58:46,546 - WARNING - No images found for Atelectasis in augmented folder
2025-05-15 19:58:46,549 - WARNING - No images found for Cardiomegaly in augmented folder
2025-05-15 19:58:46,552 - WARNING - No images found for Effusion in augmented folder
2025-05-15 19:58:46,555 - WARNING - No images found for Infiltration in augmented folder
2025-05-15 19:58:46,558 - WARNING - No images found for Mass in augmented folder
2025-05-15 19:58:46,561 - WARNING - No images found for Nodule in augmented folder
2025-05-15 19:58:46,564 - WARNING - No images found for Pneumonia in augmented folder
2025-05-15 19:58:46,579 - WARNING - No images found for Pneumothorax in augmented folder
2025-05-15 19:58:46,581 - WARNING - No images found for Consolidation in augmented folder
2025-05-15 19:58:46,584 - WARNING - No images found for Edema in augmented folder
2025-05-15 19:58:46,586 - WARNING - No images found for Emphysema in augmented folder
2025-05-15 19:58:46,588 - WARNING - No images found for Fibrosis in augmented folder
2025-05-15 19:58:46,590 - WARNING - No images found for Pleural_Thickening in augmented folder
2025-05-15 19:58:46,592 - WARNING - No images found for Hernia in augmented folder
2025-05-15 19:58:46,593 - INFO - Total split: Train=0, Val=0, Test=0
2025-05-15 19:58:46,594 - INFO - Creating label distribution plots...
2025-05-15 19:58:50,732 - INFO - Label distribution plot saved to C:\projects_ml\Radi_Assist\reports\label_distribution.png
2025-05-15 19:58:50,734 - INFO - 
Preprocessing pipeline complete!
2025-05-15 19:58:50,736 - INFO - Final dataset:
2025-05-15 19:58:50,738 - INFO - - Train: 0 images
2025-05-15 19:58:50,739 - INFO - - Validation: 0 images
2025-05-15 19:58:50,739 - INFO - - Test: 0 images
2025-05-15 19:58:50,742 - INFO - Total: 0 images
2025-05-15 20:05:00,584 - INFO - Creating necessary directories...
2025-05-15 20:05:00,590 - INFO - Loading data from C:\projects_ml\Radi_Assist\data\raw\archive\Data_Entry_2017.csv...
2025-05-15 20:05:01,028 - INFO - CSV loaded with 112120 records
2025-05-15 20:05:01,059 - INFO - Starting image augmentation with target of 12000 images per class...
2025-05-15 20:05:01,067 - WARNING - No images found for Atelectasis
2025-05-15 20:05:01,069 - WARNING - No images found for Cardiomegaly
2025-05-15 20:05:01,070 - WARNING - No images found for Effusion
2025-05-15 20:05:01,073 - WARNING - No images found for Infiltration
2025-05-15 20:05:01,075 - WARNING - No images found for Mass
2025-05-15 20:05:01,078 - WARNING - No images found for Nodule
2025-05-15 20:05:01,080 - WARNING - No images found for Pneumonia
2025-05-15 20:05:01,083 - WARNING - No images found for Pneumothorax
2025-05-15 20:05:01,091 - WARNING - No images found for Consolidation
2025-05-15 20:05:01,098 - WARNING - No images found for Edema
2025-05-15 20:05:01,100 - WARNING - No images found for Emphysema
2025-05-15 20:05:01,102 - WARNING - No images found for Fibrosis
2025-05-15 20:05:01,105 - WARNING - No images found for Pleural_Thickening
2025-05-15 20:05:01,107 - WARNING - No images found for Hernia
2025-05-15 20:05:01,108 - INFO - Augmentation complete. Created 0 augmented images across all classes.
2025-05-15 20:05:01,110 - INFO - Creating train/val/test splits with ratio 0.7/0.1/0.2...
2025-05-15 20:05:01,111 - WARNING - No images found for Atelectasis in augmented folder
2025-05-15 20:05:01,112 - WARNING - No images found for Cardiomegaly in augmented folder
2025-05-15 20:05:01,114 - WARNING - No images found for Effusion in augmented folder
2025-05-15 20:05:01,115 - WARNING - No images found for Infiltration in augmented folder
2025-05-15 20:05:01,117 - WARNING - No images found for Mass in augmented folder
2025-05-15 20:05:01,119 - WARNING - No images found for Nodule in augmented folder
2025-05-15 20:05:01,121 - WARNING - No images found for Pneumonia in augmented folder
2025-05-15 20:05:01,122 - WARNING - No images found for Pneumothorax in augmented folder
2025-05-15 20:05:01,123 - WARNING - No images found for Consolidation in augmented folder
2025-05-15 20:05:01,125 - WARNING - No images found for Edema in augmented folder
2025-05-15 20:05:01,126 - WARNING - No images found for Emphysema in augmented folder
2025-05-15 20:05:01,128 - WARNING - No images found for Fibrosis in augmented folder
2025-05-15 20:05:01,129 - WARNING - No images found for Pleural_Thickening in augmented folder
2025-05-15 20:05:01,130 - WARNING - No images found for Hernia in augmented folder
2025-05-15 20:05:01,131 - INFO - Total split: Train=0, Val=0, Test=0
2025-05-15 20:05:01,132 - INFO - Creating label distribution plots...
2025-05-15 20:05:01,953 - INFO - Label distribution plot saved to C:\projects_ml\Radi_Assist\reports\label_distribution.png
2025-05-15 20:05:01,955 - INFO - 
Preprocessing pipeline complete!
2025-05-15 20:05:01,957 - INFO - Final dataset:
2025-05-15 20:05:01,959 - INFO - - Train: 0 images
2025-05-15 20:05:01,960 - INFO - - Validation: 0 images
2025-05-15 20:05:01,961 - INFO - - Test: 0 images
2025-05-15 20:05:01,963 - INFO - Total: 0 images
2025-05-15 20:08:43,660 - INFO - Creating necessary directories...
2025-05-15 20:08:43,679 - INFO - Loading data from C:\projects_ml\Radi_Assist\data\raw\archive\Data_Entry_2017.csv...
2025-05-15 20:08:44,096 - INFO - CSV loaded with 112120 records and columns: ['Image Index', 'Finding Labels', 'Follow-up #', 'Patient ID', 'Patient Age', 'Patient Gender', 'View Position', 'OriginalImage[Width', 'Height]', 'OriginalImagePixelSpacing[x', 'y]', 'Unnamed: 11']
2025-05-15 20:08:44,471 - INFO - Found image folder images_001 with 4999 images
2025-05-15 20:08:45,161 - INFO - Found image folder images_002 with 10000 images
2025-05-15 20:08:45,955 - INFO - Found image folder images_003 with 10000 images
2025-05-15 20:08:46,696 - INFO - Found image folder images_004 with 10000 images
2025-05-15 20:08:47,453 - INFO - Found image folder images_005 with 10000 images
2025-05-15 20:08:48,183 - INFO - Found image folder images_006 with 10000 images
2025-05-15 20:08:48,935 - INFO - Found image folder images_007 with 10000 images
2025-05-15 20:08:49,667 - INFO - Found image folder images_008 with 10000 images
2025-05-15 20:08:50,446 - INFO - Found image folder images_009 with 10000 images
2025-05-15 20:08:50,834 - INFO - Found image folder images_010 with 10000 images
2025-05-15 20:08:51,138 - INFO - Found image folder images_011 with 10000 images
2025-05-15 20:08:51,381 - INFO - Found image folder images_012 with 7121 images
2025-05-15 20:08:51,387 - INFO - Current images per class:
2025-05-15 20:08:51,388 - INFO - - Atelectasis: 0
2025-05-15 20:08:51,389 - INFO - - Cardiomegaly: 0
2025-05-15 20:08:51,390 - INFO - - Effusion: 0
2025-05-15 20:08:51,390 - INFO - - Infiltration: 0
2025-05-15 20:08:51,391 - INFO - - Mass: 0
2025-05-15 20:08:51,392 - INFO - - Nodule: 0
2025-05-15 20:08:51,392 - INFO - - Pneumonia: 0
2025-05-15 20:08:51,393 - INFO - - Pneumothorax: 0
2025-05-15 20:08:51,394 - INFO - - Consolidation: 0
2025-05-15 20:08:51,394 - INFO - - Edema: 0
2025-05-15 20:08:51,395 - INFO - - Emphysema: 0
2025-05-15 20:08:51,396 - INFO - - Fibrosis: 0
2025-05-15 20:08:51,396 - INFO - - Pleural_Thickening: 0
2025-05-15 20:08:51,397 - INFO - - Hernia: 0
2025-05-15 20:08:51,399 - WARNING - No images found in augmented folders. Check if images were copied correctly.
2025-05-15 20:08:51,400 - INFO - Attempting to copy original images to augmented folders...
2025-05-15 20:08:54,484 - INFO - Copied 500 images so far...
2025-05-15 20:10:54,414 - INFO - Creating necessary directories...
2025-05-15 20:10:54,431 - INFO - Loading data from C:\projects_ml\Radi_Assist\data\raw\archive\Data_Entry_2017.csv...
2025-05-15 20:10:54,838 - INFO - CSV loaded with 112120 records and columns: ['Image Index', 'Finding Labels', 'Follow-up #', 'Patient ID', 'Patient Age', 'Patient Gender', 'View Position', 'OriginalImage[Width', 'Height]', 'OriginalImagePixelSpacing[x', 'y]', 'Unnamed: 11']
2025-05-15 20:10:54,867 - INFO - Found image folder images_001 with 4999 images
2025-05-15 20:10:54,920 - INFO - Found image folder images_002 with 10000 images
2025-05-15 20:10:54,975 - INFO - Found image folder images_003 with 10000 images
2025-05-15 20:10:55,031 - INFO - Found image folder images_004 with 10000 images
2025-05-15 20:10:55,085 - INFO - Found image folder images_005 with 10000 images
2025-05-15 20:10:55,138 - INFO - Found image folder images_006 with 10000 images
2025-05-15 20:10:55,188 - INFO - Found image folder images_007 with 10000 images
2025-05-15 20:10:55,242 - INFO - Found image folder images_008 with 10000 images
2025-05-15 20:10:55,295 - INFO - Found image folder images_009 with 10000 images
2025-05-15 20:10:55,349 - INFO - Found image folder images_010 with 10000 images
2025-05-15 20:10:55,403 - INFO - Found image folder images_011 with 10000 images
2025-05-15 20:10:55,437 - INFO - Found image folder images_012 with 7121 images
2025-05-15 20:10:55,443 - INFO - Current images per class:
2025-05-15 20:10:55,445 - INFO - - Atelectasis: 0
2025-05-15 20:10:55,446 - INFO - - Cardiomegaly: 0
2025-05-15 20:10:55,448 - INFO - - Effusion: 0
2025-05-15 20:10:55,448 - INFO - - Infiltration: 0
2025-05-15 20:10:55,450 - INFO - - Mass: 0
2025-05-15 20:10:55,451 - INFO - - Nodule: 0
2025-05-15 20:10:55,453 - INFO - - Pneumonia: 0
2025-05-15 20:10:55,454 - INFO - - Pneumothorax: 0
2025-05-15 20:10:55,456 - INFO - - Consolidation: 0
2025-05-15 20:10:55,457 - INFO - - Edema: 0
2025-05-15 20:10:55,459 - INFO - - Emphysema: 0
2025-05-15 20:10:55,460 - INFO - - Fibrosis: 0
2025-05-15 20:10:55,461 - INFO - - Pleural_Thickening: 0
2025-05-15 20:10:55,463 - INFO - - Hernia: 0
2025-05-15 20:10:55,464 - WARNING - No images found in augmented folders. Check if images were copied correctly.
2025-05-15 20:10:55,465 - INFO - Attempting to copy original images to augmented folders...
2025-05-15 20:10:59,961 - INFO - Copied 500 images so far...
2025-05-15 20:11:05,291 - INFO - Copied 1000 images so far...
2025-05-15 20:11:11,267 - INFO - Copied 1500 images so far...
2025-05-15 20:11:14,976 - INFO - Copied 2000 images so far...
2025-05-15 20:11:17,682 - INFO - Copied 2500 images so far...
2025-05-15 20:11:20,979 - INFO - Copied 3000 images so far...
2025-05-15 20:11:24,078 - INFO - Copied 3500 images so far...
2025-05-15 20:11:28,434 - INFO - Copied 4000 images so far...
2025-05-15 20:11:32,070 - INFO - Copied 4500 images so far...
2025-05-15 20:11:37,369 - INFO - Copied 5000 images so far...
2025-05-15 20:11:42,106 - INFO - Copied 5500 images so far...
2025-05-15 20:11:46,339 - INFO - Copied 6000 images so far...
2025-05-15 20:11:50,645 - INFO - Copied 6500 images so far...
2025-05-15 20:11:55,812 - INFO - Copied 7000 images so far...
2025-05-15 20:12:01,426 - INFO - Copied 7500 images so far...
2025-05-15 20:12:06,531 - INFO - Copied 8000 images so far...
2025-05-15 20:12:12,476 - INFO - Copied 8500 images so far...
2025-05-15 20:12:18,308 - INFO - Copied 9000 images so far...
2025-05-15 20:12:21,861 - INFO - Copied 9500 images so far...
2025-05-15 20:12:26,270 - INFO - Copied 10000 images so far...
2025-05-15 20:12:30,036 - INFO - Copied 10500 images so far...
2025-05-15 20:12:34,281 - INFO - Copied 11000 images so far...
2025-05-15 20:12:38,739 - INFO - Copied 11500 images so far...
2025-05-15 20:12:43,538 - INFO - Copied 12000 images so far...
2025-05-15 20:12:47,156 - INFO - Copied 12500 images so far...
2025-05-15 20:12:51,095 - INFO - Copied 13000 images so far...
2025-05-15 20:12:54,861 - INFO - Copied 13500 images so far...
2025-05-15 20:12:59,494 - INFO - Copied 14000 images so far...
2025-05-15 20:13:03,535 - INFO - Copied 14500 images so far...
2025-05-15 20:13:06,543 - INFO - Copied 15000 images so far...
2025-05-15 20:13:09,501 - INFO - Copied 15500 images so far...
2025-05-15 20:13:12,978 - INFO - Copied 16000 images so far...
2025-05-15 20:13:15,805 - INFO - Copied 16500 images so far...
2025-05-15 20:13:18,848 - INFO - Copied 17000 images so far...
2025-05-15 20:13:21,841 - INFO - Copied 17500 images so far...
2025-05-15 20:13:24,784 - INFO - Copied 18000 images so far...
2025-05-15 20:13:27,848 - INFO - Copied 18500 images so far...
2025-05-15 20:13:30,785 - INFO - Copied 19000 images so far...
2025-05-15 20:13:33,865 - INFO - Copied 19500 images so far...
2025-05-15 20:13:36,959 - INFO - Copied 20000 images so far...
2025-05-15 20:13:40,093 - INFO - Copied 20500 images so far...
2025-05-15 20:13:43,240 - INFO - Copied 21000 images so far...
2025-05-15 20:13:46,394 - INFO - Copied 21500 images so far...
2025-05-15 20:13:49,441 - INFO - Copied 22000 images so far...
2025-05-15 20:13:52,585 - INFO - Copied 22500 images so far...
2025-05-15 20:13:55,919 - INFO - Copied 23000 images so far...
2025-05-15 20:13:59,058 - INFO - Copied 23500 images so far...
2025-05-15 20:14:02,161 - INFO - Copied 24000 images so far...
2025-05-15 20:14:05,467 - INFO - Copied 24500 images so far...
2025-05-15 20:14:08,626 - INFO - Copied 25000 images so far...
2025-05-15 20:14:11,831 - INFO - Copied 25500 images so far...
2025-05-15 20:14:15,083 - INFO - Copied 26000 images so far...
2025-05-15 20:14:18,286 - INFO - Copied 26500 images so far...
2025-05-15 20:14:21,454 - INFO - Copied 27000 images so far...
2025-05-15 20:14:24,598 - INFO - Copied 27500 images so far...
2025-05-15 20:14:27,789 - INFO - Copied 28000 images so far...
2025-05-15 20:14:30,901 - INFO - Copied 28500 images so far...
2025-05-15 20:14:34,264 - INFO - Copied 29000 images so far...
2025-05-15 20:14:37,455 - INFO - Copied 29500 images so far...
2025-05-15 20:14:40,814 - INFO - Copied 30000 images so far...
2025-05-15 20:14:44,027 - INFO - Copied 30500 images so far...
2025-05-15 20:14:47,327 - INFO - Copied 31000 images so far...
2025-05-15 20:14:50,783 - INFO - Copied 31500 images so far...
2025-05-15 20:14:54,071 - INFO - Copied 32000 images so far...
2025-05-15 20:14:57,370 - INFO - Copied 32500 images so far...
2025-05-15 20:15:00,546 - INFO - Copied 33000 images so far...
2025-05-15 20:15:04,101 - INFO - Copied 33500 images so far...
2025-05-15 20:15:07,448 - INFO - Copied 34000 images so far...
2025-05-15 20:15:10,651 - INFO - Copied 34500 images so far...
2025-05-15 20:15:13,823 - INFO - Copied 35000 images so far...
2025-05-15 20:15:17,092 - INFO - Copied 35500 images so far...
2025-05-15 20:15:20,271 - INFO - Copied 36000 images so far...
2025-05-15 20:15:23,460 - INFO - Copied 36500 images so far...
2025-05-15 20:15:26,669 - INFO - Copied 37000 images so far...
2025-05-15 20:15:29,865 - INFO - Copied 37500 images so far...
2025-05-15 20:15:33,010 - INFO - Copied 38000 images so far...
2025-05-15 20:15:36,335 - INFO - Copied 38500 images so far...
2025-05-15 20:15:39,509 - INFO - Copied 39000 images so far...
2025-05-15 20:15:42,813 - INFO - Copied 39500 images so far...
2025-05-15 20:15:46,047 - INFO - Copied 40000 images so far...
2025-05-15 20:15:49,429 - INFO - Copied 40500 images so far...
2025-05-15 20:15:52,573 - INFO - Copied 41000 images so far...
2025-05-15 20:15:55,794 - INFO - Copied 41500 images so far...
2025-05-15 20:15:59,019 - INFO - Copied 42000 images so far...
2025-05-15 20:16:02,150 - INFO - Copied 42500 images so far...
2025-05-15 20:16:05,376 - INFO - Copied 43000 images so far...
2025-05-15 20:16:08,985 - INFO - Copied 43500 images so far...
2025-05-15 20:16:12,284 - INFO - Copied 44000 images so far...
2025-05-15 20:16:15,547 - INFO - Copied 44500 images so far...
2025-05-15 20:16:18,727 - INFO - Copied 45000 images so far...
2025-05-15 20:16:21,811 - INFO - Copied 45500 images so far...
2025-05-15 20:16:24,949 - INFO - Copied 46000 images so far...
2025-05-15 20:16:28,080 - INFO - Copied 46500 images so far...
2025-05-15 20:16:31,170 - INFO - Copied 47000 images so far...
2025-05-15 20:16:34,405 - INFO - Copied 47500 images so far...
2025-05-15 20:16:37,768 - INFO - Copied 48000 images so far...
2025-05-15 20:16:41,263 - INFO - Copied 48500 images so far...
2025-05-15 20:16:44,783 - INFO - Copied 49000 images so far...
2025-05-15 20:16:48,169 - INFO - Copied 49500 images so far...
2025-05-15 20:16:51,535 - INFO - Copied 50000 images so far...
2025-05-15 20:16:54,825 - INFO - Copied 50500 images so far...
2025-05-15 20:16:58,130 - INFO - Copied 51000 images so far...
2025-05-15 20:17:01,743 - INFO - Copied 51500 images so far...
2025-05-15 20:17:03,522 - INFO - Copied 51759 original images to augmented folders
2025-05-15 20:17:03,524 - INFO - - Atelectasis: 11545
2025-05-15 20:17:03,524 - INFO - - Cardiomegaly: 2404
2025-05-15 20:17:03,525 - INFO - - Effusion: 8040
2025-05-15 20:17:03,528 - INFO - - Infiltration: 11795
2025-05-15 20:17:03,530 - INFO - - Mass: 2926
2025-05-15 20:17:03,532 - INFO - - Nodule: 3009
2025-05-15 20:17:03,533 - INFO - - Pneumonia: 325
2025-05-15 20:17:03,534 - INFO - - Pneumothorax: 2200
2025-05-15 20:17:03,538 - INFO - - Consolidation: 3331
2025-05-15 20:17:03,540 - INFO - - Edema: 1862
2025-05-15 20:17:03,543 - INFO - - Emphysema: 1734
2025-05-15 20:17:03,547 - INFO - - Fibrosis: 1215
2025-05-15 20:17:03,549 - INFO - - Pleural_Thickening: 1217
2025-05-15 20:17:03,551 - INFO - - Hernia: 156
2025-05-15 20:17:03,552 - INFO - Starting image augmentation with target of 12000 images per class...
2025-05-15 20:17:04,178 - INFO - Found 11545 original images for Atelectasis
2025-05-15 20:17:04,180 - INFO - Need to create 455 more images for Atelectasis
2025-05-15 20:17:04,182 - INFO - Will create 1 augmentations per original image
2025-05-15 20:17:35,545 - INFO - Created 455 augmented images for Atelectasis. Total count: 12000/12000
2025-05-15 20:17:35,546 - INFO - Final count for Atelectasis: 12000/12000
2025-05-15 20:17:35,634 - INFO - Found 2404 original images for Cardiomegaly
2025-05-15 20:17:35,636 - INFO - Need to create 9596 more images for Cardiomegaly
2025-05-15 20:17:35,636 - INFO - Will create 4 augmentations per original image
2025-05-15 20:23:45,389 - INFO - Created 9596 augmented images for Cardiomegaly. Total count: 12000/12000
2025-05-15 20:23:45,391 - INFO - Final count for Cardiomegaly: 12000/12000
2025-05-15 20:23:45,874 - INFO - Found 8040 original images for Effusion
2025-05-15 20:23:45,878 - INFO - Need to create 3960 more images for Effusion
2025-05-15 20:23:45,881 - INFO - Will create 1 augmentations per original image
2025-05-15 20:27:57,011 - INFO - Created 3960 augmented images for Effusion. Total count: 12000/12000
2025-05-15 20:27:57,016 - INFO - Final count for Effusion: 12000/12000
2025-05-15 20:27:57,651 - INFO - Found 11795 original images for Infiltration
2025-05-15 20:27:57,656 - INFO - Need to create 205 more images for Infiltration
2025-05-15 20:27:57,661 - INFO - Will create 1 augmentations per original image
2025-05-15 20:28:12,018 - INFO - Created 205 augmented images for Infiltration. Total count: 12000/12000
2025-05-15 20:28:12,021 - INFO - Final count for Infiltration: 12000/12000
2025-05-15 20:28:12,125 - INFO - Found 2926 original images for Mass
2025-05-15 20:28:12,128 - INFO - Need to create 9074 more images for Mass
2025-05-15 20:28:12,131 - INFO - Will create 4 augmentations per original image
2025-05-15 20:33:39,588 - INFO - Created 9074 augmented images for Mass. Total count: 12000/12000
2025-05-15 20:33:39,594 - INFO - Final count for Mass: 12000/12000
2025-05-15 20:33:39,691 - INFO - Found 3009 original images for Nodule
2025-05-15 20:33:39,697 - INFO - Need to create 8991 more images for Nodule
2025-05-15 20:33:39,702 - INFO - Will create 3 augmentations per original image
2025-05-15 20:39:31,155 - INFO - Created 8991 augmented images for Nodule. Total count: 12000/12000
2025-05-15 20:39:31,161 - INFO - Final count for Nodule: 12000/12000
2025-05-15 20:39:31,168 - INFO - Found 325 original images for Pneumonia
2025-05-15 20:39:31,171 - INFO - Need to create 11675 more images for Pneumonia
2025-05-15 20:39:31,175 - INFO - Will create 36 augmentations per original image
2025-05-15 20:44:52,671 - INFO - Created 11675 augmented images for Pneumonia. Total count: 12000/12000
2025-05-15 20:44:52,676 - INFO - Final count for Pneumonia: 12000/12000
2025-05-15 20:44:52,746 - INFO - Found 2200 original images for Pneumothorax
2025-05-15 20:44:52,752 - INFO - Need to create 9800 more images for Pneumothorax
2025-05-15 20:44:52,755 - INFO - Will create 5 augmentations per original image
2025-05-15 20:50:27,013 - INFO - Created 9800 augmented images for Pneumothorax. Total count: 12000/12000
2025-05-15 20:50:27,018 - INFO - Final count for Pneumothorax: 12000/12000
2025-05-15 20:50:27,131 - INFO - Found 3331 original images for Consolidation
2025-05-15 20:50:27,135 - INFO - Need to create 8669 more images for Consolidation
2025-05-15 20:50:27,139 - INFO - Will create 3 augmentations per original image
2025-05-15 20:55:42,849 - INFO - Created 8669 augmented images for Consolidation. Total count: 12000/12000
2025-05-15 20:55:42,857 - INFO - Final count for Consolidation: 12000/12000
2025-05-15 20:55:42,915 - INFO - Found 1862 original images for Edema
2025-05-15 20:55:42,921 - INFO - Need to create 10138 more images for Edema
2025-05-15 20:55:42,926 - INFO - Will create 6 augmentations per original image
2025-05-15 21:01:08,858 - INFO - Created 10138 augmented images for Edema. Total count: 12000/12000
2025-05-15 21:01:08,864 - INFO - Final count for Edema: 12000/12000
2025-05-15 21:01:08,937 - INFO - Found 1734 original images for Emphysema
2025-05-15 21:01:08,948 - INFO - Need to create 10266 more images for Emphysema
2025-05-15 21:01:08,953 - INFO - Will create 6 augmentations per original image
2025-05-15 21:06:45,299 - INFO - Created 10266 augmented images for Emphysema. Total count: 12000/12000
2025-05-15 21:06:45,304 - INFO - Final count for Emphysema: 12000/12000
2025-05-15 21:06:45,342 - INFO - Found 1215 original images for Fibrosis
2025-05-15 21:06:45,348 - INFO - Need to create 10785 more images for Fibrosis
2025-05-15 21:06:45,352 - INFO - Will create 9 augmentations per original image
2025-05-15 21:12:41,387 - INFO - Created 10785 augmented images for Fibrosis. Total count: 12000/12000
2025-05-15 21:12:41,392 - INFO - Final count for Fibrosis: 12000/12000
2025-05-15 21:12:41,430 - INFO - Found 1217 original images for Pleural_Thickening
2025-05-15 21:12:41,439 - INFO - Need to create 10783 more images for Pleural_Thickening
2025-05-15 21:12:41,447 - INFO - Will create 9 augmentations per original image
2025-05-15 21:18:28,908 - INFO - Created 10783 augmented images for Pleural_Thickening. Total count: 12000/12000
2025-05-15 21:18:28,915 - INFO - Final count for Pleural_Thickening: 12000/12000
2025-05-15 21:18:28,944 - INFO - Found 156 original images for Hernia
2025-05-15 21:18:28,957 - INFO - Need to create 11844 more images for Hernia
2025-05-15 21:18:28,963 - INFO - Will create 76 augmentations per original image
2025-05-15 21:23:58,107 - INFO - Created 11844 augmented images for Hernia. Total count: 12000/12000
2025-05-15 21:23:58,112 - INFO - Final count for Hernia: 12000/12000
2025-05-15 21:23:58,118 - INFO - Augmentation complete. Created 116241 augmented images across all classes.
2025-05-15 21:23:58,163 - INFO - Creating train/val/test splits with ratio              Image Index          Finding Labels  Follow-up #  Patient ID  \
0       00000001_000.png            Cardiomegaly            0           1   
1       00000001_001.png  Cardiomegaly|Emphysema            1           1   
2       00000001_002.png   Cardiomegaly|Effusion            2           1   
3       00000002_000.png              No Finding            0           2   
4       00000003_000.png                  Hernia            0           3   
...                  ...                     ...          ...         ...   
112115  00030801_001.png          Mass|Pneumonia            1       30801   
112116  00030802_000.png              No Finding            0       30802   
112117  00030803_000.png              No Finding            0       30803   
112118  00030804_000.png              No Finding            0       30804   
112119  00030805_000.png              No Finding            0       30805   

        Patient Age Patient Gender View Position  OriginalImage[Width  \
0                58              M            PA                 2682   
1                58              M            PA                 2894   
2                58              M            PA                 2500   
3                81              M            PA                 2500   
4                81              F            PA                 2582   
...             ...            ...           ...                  ...   
112115           39              M            PA                 2048   
112116           29              M            PA                 2048   
112117           42              F            PA                 2048   
112118           30              F            PA                 2048   
112119           27              M            PA                 2048   

        Height]  OriginalImagePixelSpacing[x     y]  Unnamed: 11  
0          2749                        0.143  0.143          NaN  
1          2729                        0.143  0.143          NaN  
2          2048                        0.168  0.168          NaN  
3          2048                        0.171  0.171          NaN  
4          2991                        0.143  0.143          NaN  
...         ...                          ...    ...          ...  
112115     2500                        0.168  0.168          NaN  
112116     2500                        0.168  0.168          NaN  
112117     2500                        0.168  0.168          NaN  
112118     2500                        0.168  0.168          NaN  
112119     2500                        0.171  0.171          NaN  

[112120 rows x 12 columns]/['images_001', 'images_002', 'images_003', 'images_004', 'images_005', 'images_006', 'images_007', 'images_008', 'images_009', 'images_010', 'images_011', 'images_012']/['Atelectasis', 'Cardiomegaly', 'Effusion', 'Infiltration', 'Mass', 'Nodule', 'Pneumonia', 'Pneumothorax', 'Consolidation', 'Edema', 'Emphysema', 'Fibrosis', 'Pleural_Thickening', 'Hernia']...
2025-05-15 21:23:58,170 - WARNING - No augmented directory for C
2025-05-15 21:23:58,176 - WARNING - No augmented directory for :
2025-05-15 21:23:58,183 - INFO - Creating split for \ with 25 images
2025-05-15 21:23:58,422 - ERROR - Error creating splits: int() argument must be a string, a bytes-like object or a real number, not 'DataFrame'
2025-05-15 21:23:58,448 - INFO - 
Preprocessing pipeline complete!
2025-05-15 21:23:58,454 - INFO - Final dataset:
2025-05-15 21:23:58,460 - INFO - - Train: 0 images
2025-05-15 21:23:58,467 - INFO - - Validation: 0 images
2025-05-15 21:23:58,472 - INFO - - Test: 0 images
2025-05-15 21:23:58,478 - INFO - Total: 0 images
2025-05-15 21:33:38,359 - INFO - Creating necessary directories...
2025-05-15 21:33:39,173 - INFO - Current images per class in augmented folders:
2025-05-15 21:33:39,175 - INFO - - Atelectasis: 12000
2025-05-15 21:33:39,176 - INFO - - Cardiomegaly: 12000
2025-05-15 21:33:39,177 - INFO - - Effusion: 12000
2025-05-15 21:33:39,177 - INFO - - Infiltration: 12000
2025-05-15 21:33:39,178 - INFO - - Mass: 12000
2025-05-15 21:33:39,179 - INFO - - Nodule: 12000
2025-05-15 21:33:39,180 - INFO - - Pneumonia: 12000
2025-05-15 21:33:39,181 - INFO - - Pneumothorax: 12000
2025-05-15 21:33:39,183 - INFO - - Consolidation: 12000
2025-05-15 21:33:39,184 - INFO - - Edema: 12000
2025-05-15 21:33:39,184 - INFO - - Emphysema: 12000
2025-05-15 21:33:39,185 - INFO - - Fibrosis: 12000
2025-05-15 21:33:39,186 - INFO - - Pleural_Thickening: 12000
2025-05-15 21:33:39,187 - INFO - - Hernia: 12000
2025-05-15 21:33:39,188 - INFO - Creating train/val/test splits with ratio 0.7/0.1/0.2...
2025-05-15 21:33:39,240 - INFO - Creating split for Atelectasis with 12000 images
2025-05-15 21:34:35,432 - INFO - Split for Atelectasis: Train=8400, Val=1200, Test=2400
2025-05-15 21:34:35,490 - INFO - Creating split for Cardiomegaly with 12000 images
2025-05-15 21:35:27,094 - INFO - Split for Cardiomegaly: Train=8420, Val=1191, Test=2389
2025-05-15 21:35:27,612 - INFO - Creating split for Effusion with 12000 images
2025-05-15 21:36:21,841 - INFO - Split for Effusion: Train=8400, Val=1200, Test=2400
2025-05-15 21:36:22,311 - INFO - Creating split for Infiltration with 12000 images
2025-05-15 21:37:20,996 - INFO - Split for Infiltration: Train=8400, Val=1200, Test=2400
2025-05-15 21:37:21,625 - INFO - Creating split for Mass with 12000 images
2025-05-15 21:38:13,783 - INFO - Split for Mass: Train=8455, Val=1134, Test=2411
2025-05-15 21:38:14,507 - INFO - Creating split for Nodule with 12000 images
2025-05-15 21:39:06,866 - INFO - Split for Nodule: Train=8400, Val=1218, Test=2382
2025-05-15 21:39:07,480 - INFO - Creating split for Pneumonia with 12000 images
2025-05-15 21:39:55,360 - INFO - Split for Pneumonia: Train=8339, Val=1010, Test=2651
2025-05-15 21:39:56,206 - INFO - Creating split for Pneumothorax with 12000 images
2025-05-15 21:40:46,575 - INFO - Split for Pneumothorax: Train=8484, Val=1176, Test=2340
2025-05-15 21:40:47,375 - INFO - Creating split for Consolidation with 12000 images
2025-05-15 21:41:38,712 - INFO - Split for Consolidation: Train=8364, Val=1197, Test=2439
2025-05-15 21:41:39,539 - INFO - Creating split for Edema with 12000 images
2025-05-15 21:42:28,830 - INFO - Split for Edema: Train=8499, Val=1160, Test=2341
2025-05-15 21:42:29,701 - INFO - Creating split for Emphysema with 12000 images
2025-05-15 21:43:22,224 - INFO - Split for Emphysema: Train=8411, Val=1154, Test=2435
2025-05-15 21:43:23,093 - INFO - Creating split for Fibrosis with 12000 images
2025-05-15 21:44:12,227 - INFO - Split for Fibrosis: Train=8361, Val=1145, Test=2494
2025-05-15 21:44:13,111 - INFO - Creating split for Pleural_Thickening with 12000 images
2025-05-15 21:45:23,934 - INFO - Split for Pleural_Thickening: Train=8443, Val=1225, Test=2332
2025-05-15 21:45:25,115 - INFO - Creating split for Hernia with 12000 images
2025-05-15 21:46:36,406 - INFO - Split for Hernia: Train=8543, Val=1231, Test=2226
2025-05-15 21:46:36,409 - INFO - Total split: Train=117919, Val=16441, Test=33640
2025-05-15 21:46:36,413 - INFO - Creating label distribution plots...
2025-05-15 21:46:46,144 - INFO - Label distribution plot saved to C:\projects_ml\Radi_Assist\reports\label_distribution.png
2025-05-15 21:46:47,054 - INFO - 
Splitting process complete!
2025-05-15 21:46:47,058 - INFO - Final dataset:
2025-05-15 21:46:47,061 - INFO - - Train: 117919 images
2025-05-15 21:46:47,065 - INFO - - Validation: 16441 images
2025-05-15 21:46:47,069 - INFO - - Test: 33640 images
2025-05-15 21:46:47,073 - INFO - Total: 168000 images
2025-05-16 05:01:02,864 - INFO - Creating necessary directories...
2025-05-16 05:01:02,956 - INFO - Current images per class in augmented folders:
2025-05-16 05:01:02,957 - INFO - - Atelectasis: 2500
2025-05-16 05:01:02,958 - INFO - - Cardiomegaly: 2500
2025-05-16 05:01:02,959 - INFO - - Effusion: 2500
2025-05-16 05:01:02,960 - INFO - - Infiltration: 2500
2025-05-16 05:01:02,961 - INFO - - Mass: 2500
2025-05-16 05:01:02,962 - INFO - - Nodule: 2500
2025-05-16 05:01:02,963 - INFO - - Pneumonia: 2500
2025-05-16 05:01:02,964 - INFO - - Pneumothorax: 2500
2025-05-16 05:01:02,965 - INFO - - Consolidation: 2500
2025-05-16 05:01:02,966 - INFO - - Edema: 2500
2025-05-16 05:01:02,967 - INFO - - Emphysema: 2500
2025-05-16 05:01:02,968 - INFO - - Fibrosis: 2500
2025-05-16 05:01:02,969 - INFO - - Pleural_Thickening: 2500
2025-05-16 05:01:02,970 - INFO - - Hernia: 2500
2025-05-16 05:01:02,971 - INFO - Creating train/val/test splits with ratio 0.7/0.1/0.2...
2025-05-16 05:01:02,980 - INFO - Creating split for Atelectasis with 2500 images
2025-05-16 05:01:12,135 - INFO - Split for Atelectasis: Train=1750, Val=250, Test=500
2025-05-16 05:01:12,144 - INFO - Creating split for Cardiomegaly with 2500 images
2025-05-16 05:01:20,436 - INFO - Split for Cardiomegaly: Train=1705, Val=280, Test=515
2025-05-16 05:01:20,448 - INFO - Creating split for Effusion with 2500 images
2025-05-16 05:01:29,654 - INFO - Split for Effusion: Train=1750, Val=250, Test=500
2025-05-16 05:01:29,669 - INFO - Creating split for Infiltration with 2500 images
2025-05-16 05:01:38,738 - INFO - Split for Infiltration: Train=1750, Val=250, Test=500
2025-05-16 05:01:38,747 - INFO - Creating split for Mass with 2500 images
2025-05-16 05:01:54,151 - INFO - Split for Mass: Train=1733, Val=260, Test=507
2025-05-16 05:01:54,159 - INFO - Creating split for Nodule with 2500 images
2025-05-16 05:02:08,786 - INFO - Split for Nodule: Train=1764, Val=243, Test=493
2025-05-16 05:02:08,793 - INFO - Creating split for Pneumonia with 2500 images
2025-05-16 05:02:18,550 - INFO - Split for Pneumonia: Train=1670, Val=277, Test=553
2025-05-16 05:02:18,558 - INFO - Creating split for Pneumothorax with 2500 images
2025-05-16 05:02:31,475 - INFO - Split for Pneumothorax: Train=1757, Val=255, Test=488
2025-05-16 05:02:31,483 - INFO - Creating split for Consolidation with 2500 images
2025-05-16 05:02:45,582 - INFO - Split for Consolidation: Train=1755, Val=272, Test=473
2025-05-16 05:02:45,590 - INFO - Creating split for Edema with 2500 images
2025-05-16 05:03:00,099 - INFO - Split for Edema: Train=1730, Val=266, Test=504
2025-05-16 05:03:00,109 - INFO - Creating split for Emphysema with 2500 images
2025-05-16 05:03:15,213 - INFO - Split for Emphysema: Train=1715, Val=246, Test=539
2025-05-16 05:03:15,380 - INFO - Creating split for Fibrosis with 2500 images
2025-05-16 05:03:30,172 - INFO - Split for Fibrosis: Train=1736, Val=241, Test=523
2025-05-16 05:03:30,184 - INFO - Creating split for Pleural_Thickening with 2500 images
2025-05-16 05:03:45,252 - INFO - Split for Pleural_Thickening: Train=1724, Val=268, Test=508
2025-05-16 05:03:45,631 - INFO - Creating split for Hernia with 2500 images
2025-05-16 05:03:59,418 - INFO - Split for Hernia: Train=1696, Val=231, Test=573
2025-05-16 05:03:59,419 - INFO - Total split: Train=24235, Val=3589, Test=7176
2025-05-16 05:03:59,420 - WARNING - create_label_distribution_plot function not found, skipping plot creation
